<?xml version="1.0" encoding="UTF-8"?>
<testng-results ignored="0" total="1" passed="1" failed="0" skipped="0">
  <reporter-output>
  </reporter-output>
  <suite started-at="2024-02-15T13:18:02 IST" name="Suite" finished-at="2024-02-15T13:18:37 IST" duration-ms="34447">
    <groups>
    </groups>
    <test started-at="2024-02-15T13:18:02 IST" name="Test" finished-at="2024-02-15T13:18:37 IST" duration-ms="34447">
      <class name="xenCart.Test.SubmitOrderTest">
        <test-method is-config="true" signature="launchApplication()[pri:0, instance:xenCart.Test.SubmitOrderTest@70cf32e3]" started-at="2024-02-15T13:18:02 IST" name="launchApplication" finished-at="2024-02-15T13:18:18 IST" duration-ms="15503" status="PASS">
          <reporter-output>
          </reporter-output>
        </test-method> <!-- launchApplication -->
        <test-method signature="submitOrder()[pri:0, instance:xenCart.Test.SubmitOrderTest@70cf32e3]" started-at="2024-02-15T13:18:18 IST" name="submitOrder" finished-at="2024-02-15T13:18:36 IST" duration-ms="18610" status="PASS">
          <reporter-output>
          </reporter-output>
        </test-method> <!-- submitOrder -->
        <test-method is-config="true" signature="tearDown()[pri:0, instance:xenCart.Test.SubmitOrderTest@70cf32e3]" started-at="2024-02-15T13:18:36 IST" name="tearDown" finished-at="2024-02-15T13:18:37 IST" duration-ms="279" status="PASS">
          <reporter-output>
          </reporter-output>
        </test-method> <!-- tearDown -->
      </class> <!-- xenCart.Test.SubmitOrderTest -->
    </test> <!-- Test -->
  </suite> <!-- Suite -->
</testng-results>
