<?xml version="1.0" encoding="UTF-8"?>
<testng-results ignored="0" total="1" passed="1" failed="0" skipped="0">
  <reporter-output>
  </reporter-output>
  <suite started-at="2024-02-15T12:53:55 IST" name="Suite" finished-at="2024-02-15T12:54:22 IST" duration-ms="26965">
    <groups>
    </groups>
    <test started-at="2024-02-15T12:53:55 IST" name="Test" finished-at="2024-02-15T12:54:22 IST" duration-ms="26965">
      <class name="xenCart.Test.SubmitOrderTest">
        <test-method is-config="true" signature="launchApplication()[pri:0, instance:xenCart.Test.SubmitOrderTest@45385f75]" started-at="2024-02-15T12:53:55 IST" name="launchApplication" finished-at="2024-02-15T12:54:04 IST" duration-ms="8851" status="PASS">
          <reporter-output>
          </reporter-output>
        </test-method> <!-- launchApplication -->
        <test-method signature="submitOrder()[pri:0, instance:xenCart.Test.SubmitOrderTest@45385f75]" started-at="2024-02-15T12:54:04 IST" name="submitOrder" finished-at="2024-02-15T12:54:22 IST" duration-ms="17756" status="PASS">
          <reporter-output>
          </reporter-output>
        </test-method> <!-- submitOrder -->
        <test-method is-config="true" signature="tearDown()[pri:0, instance:xenCart.Test.SubmitOrderTest@45385f75]" started-at="2024-02-15T12:54:22 IST" name="tearDown" finished-at="2024-02-15T12:54:22 IST" duration-ms="283" status="PASS">
          <reporter-output>
          </reporter-output>
        </test-method> <!-- tearDown -->
      </class> <!-- xenCart.Test.SubmitOrderTest -->
    </test> <!-- Test -->
  </suite> <!-- Suite -->
</testng-results>
